0 info it worked if it ends with ok
1 verbose cli [ '/usr/bin/nodejs',
1 verbose cli   '/home/lordcaos/.node/bin/npm',
1 verbose cli   'run',
1 verbose cli   'autoprefixer' ]
2 info using npm@3.3.10
3 info using node@v5.12.0
4 verbose run-script [ 'preautoprefixer', 'autoprefixer', 'postautoprefixer' ]
5 info lifecycle cardboard-mx@0.0.1~preautoprefixer: cardboard-mx@0.0.1
6 silly lifecycle cardboard-mx@0.0.1~preautoprefixer: no script for preautoprefixer, continuing
7 info lifecycle cardboard-mx@0.0.1~autoprefixer: cardboard-mx@0.0.1
8 verbose lifecycle cardboard-mx@0.0.1~autoprefixer: unsafe-perm in lifecycle true
9 verbose lifecycle cardboard-mx@0.0.1~autoprefixer: PATH: /home/lordcaos/.node/lib/node_modules/npm/bin/node-gyp-bin:/home/lordcaos/Desarrollo/Freelancer/Personal/Ejercicios/cardboard-mx/node_modules/.bin:/home/lordcaos/Desarrollo/Freelancer/Personal/Ejercicios/cardboard-mx/node_modules/.bin:/home/lordcaos/.config/yarn/link/node_modules/.bin:/home/lordcaos/Desarrollo/Freelancer/Personal/Ejercicios/cardboard-mx/node_modules/.bin:/home/lordcaos/.config/yarn/link/node_modules/.bin:/home/lordcaos/.node/lib/node_modules/yarn/bin/node-gyp-bin:/home/lordcaos/.exercism-bin:/home/lordcaos/.cabal/bin:/opt/cabal/1.22/bin:/opt/ghc/7.10.3/bin:/home/lordcaos/.cabal/bin:/opt/cabal/1.22/bin:/opt/ghc/7.10.3/bin:/home/lordcaos/.swift/usr/bin:/home/lordcaos/.kiex/bin:/home/lordcaos/.node/bin:/home/lordcaos/.exercism-bin:/home/lordcaos/.cabal/bin:/opt/cabal/1.22/bin:/opt/ghc/7.10.3/bin:/home/lordcaos/.cabal/bin:/opt/cabal/1.22/bin:/opt/ghc/7.10.3/bin:/home/lordcaos/.rvm/gems/ruby-2.1.2/bin:/home/lordcaos/.rvm/gems/ruby-2.1.2@global/bin:/home/lordcaos/.rvm/rubies/ruby-2.1.2/bin:/home/lordcaos/.swift/usr/bin:/home/lordcaos/.kiex/bin:/home/lordcaos/.node/bin:/usr/local/sbin:/usr/local/bin:/usr/sbin:/usr/bin:/sbin:/bin:/usr/games:/usr/local/games:/home/lordcaos/.rvm/bin:/usr/lib/jvm/java-7-openjdk-amd64/bin:/usr/lib/jvm/java-7-oracle:/home/lordcaos/.ADT/sdk/platform-tools/:/home/lordcaos/.ADT/sdk/tools/:/home/lordcaos/.google_appengine:/home/lordcaos/.composer/vendor/bin:/bin:/home/lordcaos/go/bin:/home/lordcaos/.rvm/bin:/usr/local/go/bin:/usr/lib/jvm/java-7-openjdk-amd64/bin:/usr/lib/jvm/java-7-oracle:/home/lordcaos/.ADT/sdk/platform-tools/:/home/lordcaos/.ADT/sdk/tools/:/home/lordcaos/.google_appengine:/home/lordcaos/.composer/vendor/bin:/bin:/home/lordcaos/go/bin:/home/lordcaos/.rvm/bin:/usr/local/go/bin:/home/lordcaos/.rvm/bin
10 verbose lifecycle cardboard-mx@0.0.1~autoprefixer: CWD: /home/lordcaos/Desarrollo/Freelancer/Personal/Ejercicios/cardboard-mx
11 silly lifecycle cardboard-mx@0.0.1~autoprefixer: Args: [ '-c',
11 silly lifecycle   'node_modules/postcss-cli/bin/postcss --use autoprefixer -o docs/styles.css docs/*.css' ]
12 silly lifecycle cardboard-mx@0.0.1~autoprefixer: Returned: code: 1  signal: null
13 info lifecycle cardboard-mx@0.0.1~autoprefixer: Failed to exec autoprefixer script
14 verbose stack Error: cardboard-mx@0.0.1 autoprefixer: `node_modules/postcss-cli/bin/postcss --use autoprefixer -o docs/styles.css docs/*.css`
14 verbose stack Exit status 1
14 verbose stack     at EventEmitter.<anonymous> (/home/lordcaos/.node/lib/node_modules/npm/lib/utils/lifecycle.js:232:16)
14 verbose stack     at emitTwo (events.js:100:13)
14 verbose stack     at EventEmitter.emit (events.js:185:7)
14 verbose stack     at ChildProcess.<anonymous> (/home/lordcaos/.node/lib/node_modules/npm/lib/utils/spawn.js:24:14)
14 verbose stack     at emitTwo (events.js:100:13)
14 verbose stack     at ChildProcess.emit (events.js:185:7)
14 verbose stack     at maybeClose (internal/child_process.js:850:16)
14 verbose stack     at Process.ChildProcess._handle.onexit (internal/child_process.js:215:5)
15 verbose pkgid cardboard-mx@0.0.1
16 verbose cwd /home/lordcaos/Desarrollo/Freelancer/Personal/Ejercicios/cardboard-mx
17 error Linux 3.13.0-37-generic
18 error argv "/usr/bin/nodejs" "/home/lordcaos/.node/bin/npm" "run" "autoprefixer"
19 error node v5.12.0
20 error npm  v3.3.10
21 error code ELIFECYCLE
22 error cardboard-mx@0.0.1 autoprefixer: `node_modules/postcss-cli/bin/postcss --use autoprefixer -o docs/styles.css docs/*.css`
22 error Exit status 1
23 error Failed at the cardboard-mx@0.0.1 autoprefixer script 'node_modules/postcss-cli/bin/postcss --use autoprefixer -o docs/styles.css docs/*.css'.
23 error Make sure you have the latest version of node.js and npm installed.
23 error If you do, this is most likely a problem with the cardboard-mx package,
23 error not with npm itself.
23 error Tell the author that this fails on your system:
23 error     node_modules/postcss-cli/bin/postcss --use autoprefixer -o docs/styles.css docs/*.css
23 error You can get their info via:
23 error     npm owner ls cardboard-mx
23 error There is likely additional logging output above.
24 verbose exit [ 1, true ]
